<?xml version="1.0" encoding="UTF-8"?>
<testsuite xmlns:xsi="http://www.w3.org/2001/XMLSchema-instance" xsi:noNamespaceSchemaLocation="https://maven.apache.org/surefire/maven-surefire-plugin/xsd/surefire-test-report-3.0.xsd" version="3.0" name="br.ce.wcaquino.servicos.LocacaoServiceTest" time="0.059" tests="6" errors="0" skipped="1" failures="0">
  <properties>
[...]
</properties>
  <testcase name="deveAlugarFilmeComSucesso" classname="br.ce.wcaquino.servicos.LocacaoServiceTest" time="0.04"/>
  <testcase name="deveLancarExcecaoAoAlugarFilmeSemEstoque" classname="br.ce.wcaquino.servicos.LocacaoServiceTest" time="0.004">
    <system-out><![CDATA[Forma Elegante
]]></system-out>
  </testcase>
  <testcase name="deveLancarExcecaoAoAlugarSemUsuarioDefinido" classname="br.ce.wcaquino.servicos.LocacaoServiceTest" time="0.001">
    <system-out><![CDATA[Forma Robusta
]]></system-out>
  </testcase>
  <testcase name="deveLancarExcecaoAoAlugarSemFilmeDefinido" classname="br.ce.wcaquino.servicos.LocacaoServiceTest" time="0.001">
    <system-out><![CDATA[Forma Nova
]]></system-out>
  </testcase>
  <testcase name="deveDevolverNaSegundaAoAlugarNoSabado" classname="br.ce.wcaquino.servicos.LocacaoServiceTest" time="0">
    <skipped message="got: &lt;false&gt;, expected: is &lt;true&gt;"/>
  </testcase>
  <testcase name="naoDeveAlugarFilmeParaNegativadosSPC" classname="br.ce.wcaquino.servicos.LocacaoServiceTest" time="0.008"/>
</testsuite>